<?xml version="1.0" encoding="UTF-8"?>
<!-- Generated by org.testng.reporters.JUnitReportReporter -->
<testsuite hostname="LAPTOP-N18APC6D" failures="0" tests="1" name="createOrModifyKeyValuePairAPI.GetAllKeysWithInvalidId" time="2.261" errors="0" timestamp="2022-07-24T23:38:08 CDT" skipped="0">
  <testcase classname="createOrModifyKeyValuePairAPI.GetAllKeysWithInvalidId" name="GetAllKeyInvalidID" time="2.261"/>
  <system-out/>
</testsuite> <!-- createOrModifyKeyValuePairAPI.GetAllKeysWithInvalidId -->
