<?xml version="1.0" encoding="UTF-8"?>
<!-- Generated by org.testng.reporters.JUnitReportReporter -->
<testsuite hostname="LAPTOP-N18APC6D" failures="0" tests="1" name="dictionary.CreateOrModifyAkeyValuePair" time="2.089" errors="0" timestamp="2022-07-24T23:04:27 CDT" skipped="0">
  <testcase classname="dictionary.CreateOrModifyAkeyValuePair" name="CreateModifyAkeyValuePair" time="2.089"/>
  <system-out/>
</testsuite> <!-- dictionary.CreateOrModifyAkeyValuePair -->
