<?xml version="1.0" encoding="UTF-8"?>
<!-- Generated by org.testng.reporters.JUnitReportReporter -->
<testsuite hostname="LAPTOP-N18APC6D" failures="0" tests="1" name="createOrModifyKeyValuePairAPI.GetAValueWithInvalidLKey" time="2.170" errors="0" timestamp="2022-07-24T23:30:19 CDT" skipped="0">
  <testcase classname="createOrModifyKeyValuePairAPI.GetAValueWithInvalidLKey" name="GetPerticularKeyValueWithInvalidData" time="2.170"/>
  <system-out/>
</testsuite> <!-- createOrModifyKeyValuePairAPI.GetAValueWithInvalidLKey -->
