<?xml version="1.0" encoding="UTF-8"?>
<!-- Generated by org.testng.reporters.JUnitReportReporter -->
<testsuite hostname="LAPTOP-N18APC6D" failures="0" tests="1" name="dictionary.DeleteAKeyValuePair" time="2.070" errors="0" timestamp="2022-07-24T22:41:57 CDT" skipped="0">
  <testcase classname="dictionary.DeleteAKeyValuePair" name="DeleteKeyValue" time="2.070"/>
  <system-out/>
</testsuite> <!-- dictionary.DeleteAKeyValuePair -->
