<?xml version="1.0" encoding="UTF-8"?>
<!-- Generated by org.testng.reporters.JUnitReportReporter -->
<testsuite hostname="LAPTOP-N18APC6D" failures="0" tests="3" name="createOrModifyKeyValuePairAPI.GetAllKeys" time="3.733" errors="0" timestamp="2022-07-25T17:16:34 CDT" skipped="0">
  <testcase classname="createOrModifyKeyValuePairAPI.GetAllKeys" name="GetAllKey" time="1.630"/>
  <system-out/>
  <testcase classname="createOrModifyKeyValuePairAPI.GetAllKeys" name="GetAllKeyWithOutAuth" time="0.638"/>
  <system-out/>
  <testcase classname="createOrModifyKeyValuePairAPI.GetAllKeys" name="GetAllKeyInvalidID" time="1.465"/>
  <system-out/>
</testsuite> <!-- createOrModifyKeyValuePairAPI.GetAllKeys -->
