<?xml version="1.0" encoding="UTF-8"?>
<!-- Generated by org.testng.reporters.JUnitReportReporter -->
<testsuite hostname="LAPTOP-N18APC6D" failures="0" tests="1" name="dictionary.GetAllKeys" time="2.130" errors="0" timestamp="2022-07-24T22:15:50 CDT" skipped="0">
  <testcase classname="dictionary.GetAllKeys" name="GetAllKey" time="2.130"/>
  <system-out/>
</testsuite> <!-- dictionary.GetAllKeys -->
