<?xml version="1.0" encoding="UTF-8"?>
<!-- Generated by org.testng.reporters.JUnitReportReporter -->
<testsuite hostname="LAPTOP-N18APC6D" failures="0" tests="1" name="dictionary.CreateDictionaryWithoutAuthorization" time="2.136" errors="0" timestamp="2022-07-24T00:39:14 CDT" skipped="0">
  <testcase classname="dictionary.CreateDictionaryWithoutAuthorization" name="CreateDictionarywithNoAuthorization" time="2.136"/>
  <system-out/>
</testsuite> <!-- dictionary.CreateDictionaryWithoutAuthorization -->
