<?xml version="1.0" encoding="UTF-8"?>
<!-- Generated by org.testng.reporters.JUnitReportReporter -->
<testsuite hostname="LAPTOP-N18APC6D" failures="0" tests="1" name="dictionary.GetAllKeysWithoutAuthorization" time="2.005" errors="0" timestamp="2022-07-24T23:03:24 CDT" skipped="0">
  <testcase classname="dictionary.GetAllKeysWithoutAuthorization" name="GetAllKeyWuthOutAuth" time="2.005"/>
  <system-out/>
</testsuite> <!-- dictionary.GetAllKeysWithoutAuthorization -->
