<?xml version="1.0" encoding="UTF-8"?>
<!-- Generated by org.testng.reporters.JUnitReportReporter -->
<testsuite hostname="LAPTOP-N18APC6D" failures="0" tests="1" name="dictionary.CreateOrModifyAkeyValuePairWithoutAuthorization$CreateOrModifyAkeyValuePairWithoutAuth" time="2.073" errors="0" timestamp="2022-07-24T23:07:25 CDT" skipped="0">
  <testcase classname="dictionary.CreateOrModifyAkeyValuePairWithoutAuthorization$CreateOrModifyAkeyValuePairWithoutAuth" name="CreateModifyAkeyValuePair" time="2.073"/>
  <system-out/>
</testsuite> <!-- dictionary.CreateOrModifyAkeyValuePairWithoutAuthorization$CreateOrModifyAkeyValuePairWithoutAuth -->
