<?xml version="1.0" encoding="UTF-8"?>
<!-- Generated by org.testng.reporters.JUnitReportReporter -->
<testsuite hostname="LAPTOP-N18APC6D" failures="0" tests="1" name="dictionary.CreateOrModifyAkeyValuePairWithoutAuthorization" time="2.176" errors="0" timestamp="2022-07-24T23:11:08 CDT" skipped="0">
  <testcase classname="dictionary.CreateOrModifyAkeyValuePairWithoutAuthorization" name="CreateModifyAkeyValuePair" time="2.176"/>
  <system-out/>
</testsuite> <!-- dictionary.CreateOrModifyAkeyValuePairWithoutAuthorization -->
