<?xml version="1.0" encoding="UTF-8"?>
<!-- Generated by org.testng.reporters.JUnitReportReporter -->
<testsuite hostname="LAPTOP-N18APC6D" failures="0" tests="3" name="createOrModifyKeyValuePairAPI.GetAValue" time="1.737" errors="0" timestamp="2022-07-25T17:16:34 CDT" skipped="0">
  <testcase classname="createOrModifyKeyValuePairAPI.GetAValue" name="GetPerticularKeyValue" time="0.837"/>
  <system-out/>
  <testcase classname="createOrModifyKeyValuePairAPI.GetAValue" name="GetPerticularKeyValueWithOutAuth" time="0.165"/>
  <system-out/>
  <testcase classname="createOrModifyKeyValuePairAPI.GetAValue" name="GetPerticularKeyValueWithInvalidData" time="0.735"/>
  <system-out/>
</testsuite> <!-- createOrModifyKeyValuePairAPI.GetAValue -->
