<?xml version="1.0" encoding="UTF-8"?>
<!-- Generated by org.testng.reporters.JUnitReportReporter -->
<testsuite hostname="LAPTOP-N18APC6D" failures="0" tests="1" name="createOrModifyKeyValuePairAPI.GetAValueWithOutAuthorization" time="2.462" errors="0" timestamp="2022-07-24T23:27:14 CDT" skipped="0">
  <testcase classname="createOrModifyKeyValuePairAPI.GetAValueWithOutAuthorization" name="GetPerticularKeyValueWithOutAuth" time="2.462"/>
  <system-out/>
</testsuite> <!-- createOrModifyKeyValuePairAPI.GetAValueWithOutAuthorization -->
