<?xml version="1.0" encoding="UTF-8"?>
<!-- Generated by org.testng.reporters.JUnitReportReporter -->
<testsuite hostname="LAPTOP-N18APC6D" failures="0" tests="2" name="createDictionaryAPI.CreateAnewDictionary" time="0.446" errors="0" timestamp="2022-07-25T17:16:34 CDT" skipped="0">
  <testcase classname="createDictionaryAPI.CreateAnewDictionary" name="CreateDictionary" time="0.262"/>
  <system-out/>
  <testcase classname="createDictionaryAPI.CreateAnewDictionary" name="CreateDictionarywithNoAuthorization" time="0.184"/>
  <system-out/>
</testsuite> <!-- createDictionaryAPI.CreateAnewDictionary -->
