<?xml version="1.0" encoding="UTF-8"?>
<!-- Generated by org.testng.reporters.JUnitReportReporter -->
<testsuite hostname="LAPTOP-N18APC6D" failures="0" tests="1" name="dictionary.GetAValueWithOutAuthorization$GetAValue" time="2.034" errors="0" timestamp="2022-07-24T23:09:30 CDT" skipped="0">
  <testcase classname="dictionary.GetAValueWithOutAuthorization$GetAValue" name="GetPerticularKeyValue" time="2.034"/>
  <system-out/>
</testsuite> <!-- dictionary.GetAValueWithOutAuthorization$GetAValue -->
