<?xml version="1.0" encoding="UTF-8"?>
<!-- Generated by org.testng.reporters.JUnitReportReporter -->
<testsuite hostname="LAPTOP-N18APC6D" failures="0" tests="1" name="createOrModifyKeyValuePairAPI.GetAllKeysWithoutAuthorization" time="2.151" errors="0" timestamp="2022-07-24T23:55:20 CDT" skipped="0">
  <testcase classname="createOrModifyKeyValuePairAPI.GetAllKeysWithoutAuthorization" name="GetAllKeyWithOutAuth" time="2.151"/>
  <system-out/>
</testsuite> <!-- createOrModifyKeyValuePairAPI.GetAllKeysWithoutAuthorization -->
