<?xml version="1.0" encoding="UTF-8"?>
<!-- Generated by org.testng.reporters.JUnitReportReporter -->
<testsuite hostname="LAPTOP-N18APC6D" failures="0" tests="1" name="dictionary.GetAValueWithOutAuthorization" time="1.936" errors="0" timestamp="2022-07-24T23:11:19 CDT" skipped="0">
  <testcase classname="dictionary.GetAValueWithOutAuthorization" name="GetPerticularKeyValueWithOutAuth" time="1.936"/>
  <system-out/>
</testsuite> <!-- dictionary.GetAValueWithOutAuthorization -->
